2026-04-11 17:58:44 [main] ERROR [main.py:159] Query failed for cpe:2.3:a:apache:log4j:2.14.1:*:*:*:*:*:*:*: type object 'Node' has no attribute 'id__in'
Traceback (most recent call last):
  File "/home/pi/Code/Projects/TER-M1-GL-Contexualisation-Dependance-Vulnerable/src/backend/main.py", line 136, in query_cpe
    cves = VulnerabilityService.search_by_cpe(request.cpe, db) if found else []
           ~~~~~~~~~~~~~~~~~~~~~~~~~~~~~~~~~~^^^^^^^^^^^^^^^^^
  File "/home/pi/Code/Projects/TER-M1-GL-Contexualisation-Dependance-Vulnerable/src/backend/services/vulnerability_service.py", line 49, in search_by_cpe
    CveItem.nodes.any(id__in=node_ids)
    ~~~~~~~~~~~~~~~~~^^^^^^^^^^^^^^^^^
  File "/home/pi/Code/Projects/TER-M1-GL-Contexualisation-Dependance-Vulnerable/src/backend/venv/lib/python3.13/site-packages/sqlalchemy/orm/interfaces.py", line 957, in any
    return self.operate(PropComparator.any_op, criterion, **kwargs)
           ~~~~~~~~~~~~^^^^^^^^^^^^^^^^^^^^^^^^^^^^^^^^^^^^^^^^^^^^
  File "/home/pi/Code/Projects/TER-M1-GL-Contexualisation-Dependance-Vulnerable/src/backend/venv/lib/python3.13/site-packages/sqlalchemy/orm/attributes.py", line 453, in operate
    return op(self.comparator, *other, **kwargs)  # type: ignore[no-any-return]  # noqa: E501
  File "/home/pi/Code/Projects/TER-M1-GL-Contexualisation-Dependance-Vulnerable/src/backend/venv/lib/python3.13/site-packages/sqlalchemy/orm/interfaces.py", line 855, in _any_op
    return a.any(b, **kwargs)
           ~~~~~^^^^^^^^^^^^^
  File "/home/pi/Code/Projects/TER-M1-GL-Contexualisation-Dependance-Vulnerable/src/backend/venv/lib/python3.13/site-packages/sqlalchemy/orm/relationships.py", line 924, in any
    return self._criterion_exists(criterion, **kwargs)
           ~~~~~~~~~~~~~~~~~~~~~~^^^^^^^^^^^^^^^^^^^^^
  File "/home/pi/Code/Projects/TER-M1-GL-Contexualisation-Dependance-Vulnerable/src/backend/venv/lib/python3.13/site-packages/sqlalchemy/orm/relationships.py", line 822, in _criterion_exists
    crit = getattr(self.property.mapper.class_, k) == kwargs[k]
           ~~~~~~~^^^^^^^^^^^^^^^^^^^^^^^^^^^^^^^^
AttributeError: type object 'Node' has no attribute 'id__in'
2026-04-11 18:09:21 [main] ERROR [main.py:265] CPE match query failed for cpe:2.3:a:org.springframework.boot:spring-boot-starter-web:*:*:*:*:*:*:*:*: type object 'Node' has no attribute 'id__in'
Traceback (most recent call last):
  File "/home/pi/Code/Projects/TER-M1-GL-Contexualisation-Dependance-Vulnerable/src/backend/main.py", line 220, in get_cpe_match
    cves = VulnerabilityService.search_by_cpe(cpe_criteria, db) if found else []
           ~~~~~~~~~~~~~~~~~~~~~~~~~~~~~~~~~~^^^^^^^^^^^^^^^^^^
  File "/home/pi/Code/Projects/TER-M1-GL-Contexualisation-Dependance-Vulnerable/src/backend/services/vulnerability_service.py", line 49, in search_by_cpe
    CveItem.nodes.any(id__in=node_ids)
    ~~~~~~~~~~~~~~~~~^^^^^^^^^^^^^^^^^
  File "/home/pi/Code/Projects/TER-M1-GL-Contexualisation-Dependance-Vulnerable/src/backend/venv/lib/python3.13/site-packages/sqlalchemy/orm/interfaces.py", line 957, in any
    return self.operate(PropComparator.any_op, criterion, **kwargs)
           ~~~~~~~~~~~~^^^^^^^^^^^^^^^^^^^^^^^^^^^^^^^^^^^^^^^^^^^^
  File "/home/pi/Code/Projects/TER-M1-GL-Contexualisation-Dependance-Vulnerable/src/backend/venv/lib/python3.13/site-packages/sqlalchemy/orm/attributes.py", line 453, in operate
    return op(self.comparator, *other, **kwargs)  # type: ignore[no-any-return]  # noqa: E501
  File "/home/pi/Code/Projects/TER-M1-GL-Contexualisation-Dependance-Vulnerable/src/backend/venv/lib/python3.13/site-packages/sqlalchemy/orm/interfaces.py", line 855, in _any_op
    return a.any(b, **kwargs)
           ~~~~~^^^^^^^^^^^^^
  File "/home/pi/Code/Projects/TER-M1-GL-Contexualisation-Dependance-Vulnerable/src/backend/venv/lib/python3.13/site-packages/sqlalchemy/orm/relationships.py", line 924, in any
    return self._criterion_exists(criterion, **kwargs)
           ~~~~~~~~~~~~~~~~~~~~~~^^^^^^^^^^^^^^^^^^^^^
  File "/home/pi/Code/Projects/TER-M1-GL-Contexualisation-Dependance-Vulnerable/src/backend/venv/lib/python3.13/site-packages/sqlalchemy/orm/relationships.py", line 822, in _criterion_exists
    crit = getattr(self.property.mapper.class_, k) == kwargs[k]
           ~~~~~~~^^^^^^^^^^^^^^^^^^^^^^^^^^^^^^^^
AttributeError: type object 'Node' has no attribute 'id__in'
2026-04-11 18:39:02 [sources.jvn] ERROR [jvn.py:131] [JVN] _search_by_product(assertj-core/assertj-core) failed: Client error '404 Not Found' for url 'https://jvndb.jvn.jp/myjvn/api/vuln/search?feed=hnd&query=vendor%3Aassertj-core+product%3Aassertj-core&lang=en&offset=0&count=100'
For more information check: https://developer.mozilla.org/en-US/docs/Web/HTTP/Status/404
Traceback (most recent call last):
  File "/home/pi/Code/Projects/TER-M1-GL-Contexualisation-Dependance-Vulnerable/src/backend/sources/jvn.py", line 88, in _search_by_product
    resp.raise_for_status()
    ~~~~~~~~~~~~~~~~~~~~~^^
  File "/home/pi/Code/Projects/TER-M1-GL-Contexualisation-Dependance-Vulnerable/src/backend/venv/lib/python3.13/site-packages/httpx/_models.py", line 829, in raise_for_status
    raise HTTPStatusError(message, request=request, response=self)
httpx.HTTPStatusError: Client error '404 Not Found' for url 'https://jvndb.jvn.jp/myjvn/api/vuln/search?feed=hnd&query=vendor%3Aassertj-core+product%3Aassertj-core&lang=en&offset=0&count=100'
For more information check: https://developer.mozilla.org/en-US/docs/Web/HTTP/Status/404
2026-04-11 18:39:05 [sources.jvn] ERROR [jvn.py:131] [JVN] _search_by_product(org.bouncycastle/bcprov-jdk18on) failed: Client error '404 Not Found' for url 'https://jvndb.jvn.jp/myjvn/api/vuln/search?feed=hnd&query=vendor%3Aorg.bouncycastle+product%3Abcprov-jdk18on&lang=en&offset=0&count=100'
For more information check: https://developer.mozilla.org/en-US/docs/Web/HTTP/Status/404
Traceback (most recent call last):
  File "/home/pi/Code/Projects/TER-M1-GL-Contexualisation-Dependance-Vulnerable/src/backend/sources/jvn.py", line 88, in _search_by_product
    resp.raise_for_status()
    ~~~~~~~~~~~~~~~~~~~~~^^
  File "/home/pi/Code/Projects/TER-M1-GL-Contexualisation-Dependance-Vulnerable/src/backend/venv/lib/python3.13/site-packages/httpx/_models.py", line 829, in raise_for_status
    raise HTTPStatusError(message, request=request, response=self)
httpx.HTTPStatusError: Client error '404 Not Found' for url 'https://jvndb.jvn.jp/myjvn/api/vuln/search?feed=hnd&query=vendor%3Aorg.bouncycastle+product%3Abcprov-jdk18on&lang=en&offset=0&count=100'
For more information check: https://developer.mozilla.org/en-US/docs/Web/HTTP/Status/404
2026-04-11 18:39:08 [sources.jvn] ERROR [jvn.py:131] [JVN] _search_by_product(com.github.ben-manes.caffeine/caffeine) failed: Client error '404 Not Found' for url 'https://jvndb.jvn.jp/myjvn/api/vuln/search?feed=hnd&query=vendor%3Acom.github.ben-manes.caffeine+product%3Acaffeine&lang=en&offset=0&count=100'
For more information check: https://developer.mozilla.org/en-US/docs/Web/HTTP/Status/404
Traceback (most recent call last):
  File "/home/pi/Code/Projects/TER-M1-GL-Contexualisation-Dependance-Vulnerable/src/backend/sources/jvn.py", line 88, in _search_by_product
    resp.raise_for_status()
    ~~~~~~~~~~~~~~~~~~~~~^^
  File "/home/pi/Code/Projects/TER-M1-GL-Contexualisation-Dependance-Vulnerable/src/backend/venv/lib/python3.13/site-packages/httpx/_models.py", line 829, in raise_for_status
    raise HTTPStatusError(message, request=request, response=self)
httpx.HTTPStatusError: Client error '404 Not Found' for url 'https://jvndb.jvn.jp/myjvn/api/vuln/search?feed=hnd&query=vendor%3Acom.github.ben-manes.caffeine+product%3Acaffeine&lang=en&offset=0&count=100'
For more information check: https://developer.mozilla.org/en-US/docs/Web/HTTP/Status/404
2026-04-11 18:39:11 [sources.jvn] ERROR [jvn.py:131] [JVN] _search_by_product(commons-io/commons-io) failed: Client error '404 Not Found' for url 'https://jvndb.jvn.jp/myjvn/api/vuln/search?feed=hnd&query=vendor%3Acommons-io+product%3Acommons-io&lang=en&offset=0&count=100'
For more information check: https://developer.mozilla.org/en-US/docs/Web/HTTP/Status/404
Traceback (most recent call last):
  File "/home/pi/Code/Projects/TER-M1-GL-Contexualisation-Dependance-Vulnerable/src/backend/sources/jvn.py", line 88, in _search_by_product
    resp.raise_for_status()
    ~~~~~~~~~~~~~~~~~~~~~^^
  File "/home/pi/Code/Projects/TER-M1-GL-Contexualisation-Dependance-Vulnerable/src/backend/venv/lib/python3.13/site-packages/httpx/_models.py", line 829, in raise_for_status
    raise HTTPStatusError(message, request=request, response=self)
httpx.HTTPStatusError: Client error '404 Not Found' for url 'https://jvndb.jvn.jp/myjvn/api/vuln/search?feed=hnd&query=vendor%3Acommons-io+product%3Acommons-io&lang=en&offset=0&count=100'
For more information check: https://developer.mozilla.org/en-US/docs/Web/HTTP/Status/404
2026-04-11 18:39:14 [sources.jvn] ERROR [jvn.py:131] [JVN] _search_by_product(com.google.code.gson/gson) failed: Client error '404 Not Found' for url 'https://jvndb.jvn.jp/myjvn/api/vuln/search?feed=hnd&query=vendor%3Acom.google.code.gson+product%3Agson&lang=en&offset=0&count=100'
For more information check: https://developer.mozilla.org/en-US/docs/Web/HTTP/Status/404
Traceback (most recent call last):
  File "/home/pi/Code/Projects/TER-M1-GL-Contexualisation-Dependance-Vulnerable/src/backend/sources/jvn.py", line 88, in _search_by_product
    resp.raise_for_status()
    ~~~~~~~~~~~~~~~~~~~~~^^
  File "/home/pi/Code/Projects/TER-M1-GL-Contexualisation-Dependance-Vulnerable/src/backend/venv/lib/python3.13/site-packages/httpx/_models.py", line 829, in raise_for_status
    raise HTTPStatusError(message, request=request, response=self)
httpx.HTTPStatusError: Client error '404 Not Found' for url 'https://jvndb.jvn.jp/myjvn/api/vuln/search?feed=hnd&query=vendor%3Acom.google.code.gson+product%3Agson&lang=en&offset=0&count=100'
For more information check: https://developer.mozilla.org/en-US/docs/Web/HTTP/Status/404
2026-04-11 18:39:18 [sources.jvn] ERROR [jvn.py:131] [JVN] _search_by_product(org.junit.jupiter/junit-jupiter) failed: Client error '404 Not Found' for url 'https://jvndb.jvn.jp/myjvn/api/vuln/search?feed=hnd&query=vendor%3Aorg.junit.jupiter+product%3Ajunit-jupiter&lang=en&offset=0&count=100'
For more information check: https://developer.mozilla.org/en-US/docs/Web/HTTP/Status/404
Traceback (most recent call last):
  File "/home/pi/Code/Projects/TER-M1-GL-Contexualisation-Dependance-Vulnerable/src/backend/sources/jvn.py", line 88, in _search_by_product
    resp.raise_for_status()
    ~~~~~~~~~~~~~~~~~~~~~^^
  File "/home/pi/Code/Projects/TER-M1-GL-Contexualisation-Dependance-Vulnerable/src/backend/venv/lib/python3.13/site-packages/httpx/_models.py", line 829, in raise_for_status
    raise HTTPStatusError(message, request=request, response=self)
httpx.HTTPStatusError: Client error '404 Not Found' for url 'https://jvndb.jvn.jp/myjvn/api/vuln/search?feed=hnd&query=vendor%3Aorg.junit.jupiter+product%3Ajunit-jupiter&lang=en&offset=0&count=100'
For more information check: https://developer.mozilla.org/en-US/docs/Web/HTTP/Status/404
2026-04-11 18:39:21 [sources.jvn] ERROR [jvn.py:131] [JVN] _search_by_product(org.mapstruct/mapstruct) failed: Client error '404 Not Found' for url 'https://jvndb.jvn.jp/myjvn/api/vuln/search?feed=hnd&query=vendor%3Aorg.mapstruct+product%3Amapstruct&lang=en&offset=0&count=100'
For more information check: https://developer.mozilla.org/en-US/docs/Web/HTTP/Status/404
Traceback (most recent call last):
  File "/home/pi/Code/Projects/TER-M1-GL-Contexualisation-Dependance-Vulnerable/src/backend/sources/jvn.py", line 88, in _search_by_product
    resp.raise_for_status()
    ~~~~~~~~~~~~~~~~~~~~~^^
  File "/home/pi/Code/Projects/TER-M1-GL-Contexualisation-Dependance-Vulnerable/src/backend/venv/lib/python3.13/site-packages/httpx/_models.py", line 829, in raise_for_status
    raise HTTPStatusError(message, request=request, response=self)
httpx.HTTPStatusError: Client error '404 Not Found' for url 'https://jvndb.jvn.jp/myjvn/api/vuln/search?feed=hnd&query=vendor%3Aorg.mapstruct+product%3Amapstruct&lang=en&offset=0&count=100'
For more information check: https://developer.mozilla.org/en-US/docs/Web/HTTP/Status/404
2026-04-11 18:39:24 [sources.jvn] ERROR [jvn.py:131] [JVN] _search_by_product(micrometer-core/micrometer-core) failed: Client error '404 Not Found' for url 'https://jvndb.jvn.jp/myjvn/api/vuln/search?feed=hnd&query=vendor%3Amicrometer-core+product%3Amicrometer-core&lang=en&offset=0&count=100'
For more information check: https://developer.mozilla.org/en-US/docs/Web/HTTP/Status/404
Traceback (most recent call last):
  File "/home/pi/Code/Projects/TER-M1-GL-Contexualisation-Dependance-Vulnerable/src/backend/sources/jvn.py", line 88, in _search_by_product
    resp.raise_for_status()
    ~~~~~~~~~~~~~~~~~~~~~^^
  File "/home/pi/Code/Projects/TER-M1-GL-Contexualisation-Dependance-Vulnerable/src/backend/venv/lib/python3.13/site-packages/httpx/_models.py", line 829, in raise_for_status
    raise HTTPStatusError(message, request=request, response=self)
httpx.HTTPStatusError: Client error '404 Not Found' for url 'https://jvndb.jvn.jp/myjvn/api/vuln/search?feed=hnd&query=vendor%3Amicrometer-core+product%3Amicrometer-core&lang=en&offset=0&count=100'
For more information check: https://developer.mozilla.org/en-US/docs/Web/HTTP/Status/404
2026-04-11 18:39:26 [sources.jvn] ERROR [jvn.py:131] [JVN] _search_by_product(mockito-core/mockito-core) failed: Client error '404 Not Found' for url 'https://jvndb.jvn.jp/myjvn/api/vuln/search?feed=hnd&query=vendor%3Amockito-core+product%3Amockito-core&lang=en&offset=0&count=100'
For more information check: https://developer.mozilla.org/en-US/docs/Web/HTTP/Status/404
Traceback (most recent call last):
  File "/home/pi/Code/Projects/TER-M1-GL-Contexualisation-Dependance-Vulnerable/src/backend/sources/jvn.py", line 88, in _search_by_product
    resp.raise_for_status()
    ~~~~~~~~~~~~~~~~~~~~~^^
  File "/home/pi/Code/Projects/TER-M1-GL-Contexualisation-Dependance-Vulnerable/src/backend/venv/lib/python3.13/site-packages/httpx/_models.py", line 829, in raise_for_status
    raise HTTPStatusError(message, request=request, response=self)
httpx.HTTPStatusError: Client error '404 Not Found' for url 'https://jvndb.jvn.jp/myjvn/api/vuln/search?feed=hnd&query=vendor%3Amockito-core+product%3Amockito-core&lang=en&offset=0&count=100'
For more information check: https://developer.mozilla.org/en-US/docs/Web/HTTP/Status/404
2026-04-11 18:39:29 [sources.jvn] ERROR [jvn.py:131] [JVN] _search_by_product(io.github.resilience4j/resilience4j-core) failed: Client error '404 Not Found' for url 'https://jvndb.jvn.jp/myjvn/api/vuln/search?feed=hnd&query=vendor%3Aio.github.resilience4j+product%3Aresilience4j-core&lang=en&offset=0&count=100'
For more information check: https://developer.mozilla.org/en-US/docs/Web/HTTP/Status/404
Traceback (most recent call last):
  File "/home/pi/Code/Projects/TER-M1-GL-Contexualisation-Dependance-Vulnerable/src/backend/sources/jvn.py", line 88, in _search_by_product
    resp.raise_for_status()
    ~~~~~~~~~~~~~~~~~~~~~^^
  File "/home/pi/Code/Projects/TER-M1-GL-Contexualisation-Dependance-Vulnerable/src/backend/venv/lib/python3.13/site-packages/httpx/_models.py", line 829, in raise_for_status
    raise HTTPStatusError(message, request=request, response=self)
httpx.HTTPStatusError: Client error '404 Not Found' for url 'https://jvndb.jvn.jp/myjvn/api/vuln/search?feed=hnd&query=vendor%3Aio.github.resilience4j+product%3Aresilience4j-core&lang=en&offset=0&count=100'
For more information check: https://developer.mozilla.org/en-US/docs/Web/HTTP/Status/404
2026-04-11 18:39:32 [sources.jvn] ERROR [jvn.py:131] [JVN] _search_by_product(org.slf4j/slf4j-api) failed: Client error '404 Not Found' for url 'https://jvndb.jvn.jp/myjvn/api/vuln/search?feed=hnd&query=vendor%3Aorg.slf4j+product%3Aslf4j-api&lang=en&offset=0&count=100'
For more information check: https://developer.mozilla.org/en-US/docs/Web/HTTP/Status/404
Traceback (most recent call last):
  File "/home/pi/Code/Projects/TER-M1-GL-Contexualisation-Dependance-Vulnerable/src/backend/sources/jvn.py", line 88, in _search_by_product
    resp.raise_for_status()
    ~~~~~~~~~~~~~~~~~~~~~^^
  File "/home/pi/Code/Projects/TER-M1-GL-Contexualisation-Dependance-Vulnerable/src/backend/venv/lib/python3.13/site-packages/httpx/_models.py", line 829, in raise_for_status
    raise HTTPStatusError(message, request=request, response=self)
httpx.HTTPStatusError: Client error '404 Not Found' for url 'https://jvndb.jvn.jp/myjvn/api/vuln/search?feed=hnd&query=vendor%3Aorg.slf4j+product%3Aslf4j-api&lang=en&offset=0&count=100'
For more information check: https://developer.mozilla.org/en-US/docs/Web/HTTP/Status/404
2026-04-11 18:39:36 [sources.jvn] ERROR [jvn.py:131] [JVN] _search_by_product(vulnerable-test-app/vulnerable-test-app) failed: Client error '404 Not Found' for url 'https://jvndb.jvn.jp/myjvn/api/vuln/search?feed=hnd&query=vendor%3Avulnerable-test-app+product%3Avulnerable-test-app&lang=en&offset=0&count=100'
For more information check: https://developer.mozilla.org/en-US/docs/Web/HTTP/Status/404
Traceback (most recent call last):
  File "/home/pi/Code/Projects/TER-M1-GL-Contexualisation-Dependance-Vulnerable/src/backend/sources/jvn.py", line 88, in _search_by_product
    resp.raise_for_status()
    ~~~~~~~~~~~~~~~~~~~~~^^
  File "/home/pi/Code/Projects/TER-M1-GL-Contexualisation-Dependance-Vulnerable/src/backend/venv/lib/python3.13/site-packages/httpx/_models.py", line 829, in raise_for_status
    raise HTTPStatusError(message, request=request, response=self)
httpx.HTTPStatusError: Client error '404 Not Found' for url 'https://jvndb.jvn.jp/myjvn/api/vuln/search?feed=hnd&query=vendor%3Avulnerable-test-app+product%3Avulnerable-test-app&lang=en&offset=0&count=100'
For more information check: https://developer.mozilla.org/en-US/docs/Web/HTTP/Status/404
2026-04-11 18:43:27 [sources.jvn] ERROR [jvn.py:131] [JVN] _search_by_product(org.test.rmi/client) failed: Client error '404 Not Found' for url 'https://jvndb.jvn.jp/myjvn/api/vuln/search?feed=hnd&query=vendor%3Aorg.test.rmi+product%3Aclient&lang=en&offset=0&count=100'
For more information check: https://developer.mozilla.org/en-US/docs/Web/HTTP/Status/404
Traceback (most recent call last):
  File "/home/pi/Code/Projects/TER-M1-GL-Contexualisation-Dependance-Vulnerable/src/backend/sources/jvn.py", line 88, in _search_by_product
    resp.raise_for_status()
    ~~~~~~~~~~~~~~~~~~~~~^^
  File "/home/pi/Code/Projects/TER-M1-GL-Contexualisation-Dependance-Vulnerable/src/backend/venv/lib/python3.13/site-packages/httpx/_models.py", line 829, in raise_for_status
    raise HTTPStatusError(message, request=request, response=self)
httpx.HTTPStatusError: Client error '404 Not Found' for url 'https://jvndb.jvn.jp/myjvn/api/vuln/search?feed=hnd&query=vendor%3Aorg.test.rmi+product%3Aclient&lang=en&offset=0&count=100'
For more information check: https://developer.mozilla.org/en-US/docs/Web/HTTP/Status/404
2026-04-11 18:43:30 [sources.jvn] ERROR [jvn.py:131] [JVN] _search_by_product(org.springframework.boot/common) failed: Client error '404 Not Found' for url 'https://jvndb.jvn.jp/myjvn/api/vuln/search?feed=hnd&query=vendor%3Aorg.springframework.boot+product%3Acommon&lang=en&offset=0&count=100'
For more information check: https://developer.mozilla.org/en-US/docs/Web/HTTP/Status/404
Traceback (most recent call last):
  File "/home/pi/Code/Projects/TER-M1-GL-Contexualisation-Dependance-Vulnerable/src/backend/sources/jvn.py", line 88, in _search_by_product
    resp.raise_for_status()
    ~~~~~~~~~~~~~~~~~~~~~^^
  File "/home/pi/Code/Projects/TER-M1-GL-Contexualisation-Dependance-Vulnerable/src/backend/venv/lib/python3.13/site-packages/httpx/_models.py", line 829, in raise_for_status
    raise HTTPStatusError(message, request=request, response=self)
httpx.HTTPStatusError: Client error '404 Not Found' for url 'https://jvndb.jvn.jp/myjvn/api/vuln/search?feed=hnd&query=vendor%3Aorg.springframework.boot+product%3Acommon&lang=en&offset=0&count=100'
For more information check: https://developer.mozilla.org/en-US/docs/Web/HTTP/Status/404
2026-04-11 18:43:32 [sources.jvn] ERROR [jvn.py:131] [JVN] _search_by_product(org.test.rmi/rmi-project) failed: Client error '404 Not Found' for url 'https://jvndb.jvn.jp/myjvn/api/vuln/search?feed=hnd&query=vendor%3Aorg.test.rmi+product%3Armi-project&lang=en&offset=0&count=100'
For more information check: https://developer.mozilla.org/en-US/docs/Web/HTTP/Status/404
Traceback (most recent call last):
  File "/home/pi/Code/Projects/TER-M1-GL-Contexualisation-Dependance-Vulnerable/src/backend/sources/jvn.py", line 88, in _search_by_product
    resp.raise_for_status()
    ~~~~~~~~~~~~~~~~~~~~~^^
  File "/home/pi/Code/Projects/TER-M1-GL-Contexualisation-Dependance-Vulnerable/src/backend/venv/lib/python3.13/site-packages/httpx/_models.py", line 829, in raise_for_status
    raise HTTPStatusError(message, request=request, response=self)
httpx.HTTPStatusError: Client error '404 Not Found' for url 'https://jvndb.jvn.jp/myjvn/api/vuln/search?feed=hnd&query=vendor%3Aorg.test.rmi+product%3Armi-project&lang=en&offset=0&count=100'
For more information check: https://developer.mozilla.org/en-US/docs/Web/HTTP/Status/404
2026-04-11 18:43:35 [sources.jvn] ERROR [jvn.py:131] [JVN] _search_by_product(org.springframework.boot/server) failed: Client error '404 Not Found' for url 'https://jvndb.jvn.jp/myjvn/api/vuln/search?feed=hnd&query=vendor%3Aorg.springframework.boot+product%3Aserver&lang=en&offset=0&count=100'
For more information check: https://developer.mozilla.org/en-US/docs/Web/HTTP/Status/404
Traceback (most recent call last):
  File "/home/pi/Code/Projects/TER-M1-GL-Contexualisation-Dependance-Vulnerable/src/backend/sources/jvn.py", line 88, in _search_by_product
    resp.raise_for_status()
    ~~~~~~~~~~~~~~~~~~~~~^^
  File "/home/pi/Code/Projects/TER-M1-GL-Contexualisation-Dependance-Vulnerable/src/backend/venv/lib/python3.13/site-packages/httpx/_models.py", line 829, in raise_for_status
    raise HTTPStatusError(message, request=request, response=self)
httpx.HTTPStatusError: Client error '404 Not Found' for url 'https://jvndb.jvn.jp/myjvn/api/vuln/search?feed=hnd&query=vendor%3Aorg.springframework.boot+product%3Aserver&lang=en&offset=0&count=100'
For more information check: https://developer.mozilla.org/en-US/docs/Web/HTTP/Status/404
2026-04-11 18:43:38 [sources.jvn] ERROR [jvn.py:131] [JVN] _search_by_product(org.springframework.boot/spring-boot-starter) failed: Client error '404 Not Found' for url 'https://jvndb.jvn.jp/myjvn/api/vuln/search?feed=hnd&query=vendor%3Aorg.springframework.boot+product%3Aspring-boot-starter&lang=en&offset=0&count=100'
For more information check: https://developer.mozilla.org/en-US/docs/Web/HTTP/Status/404
Traceback (most recent call last):
  File "/home/pi/Code/Projects/TER-M1-GL-Contexualisation-Dependance-Vulnerable/src/backend/sources/jvn.py", line 88, in _search_by_product
    resp.raise_for_status()
    ~~~~~~~~~~~~~~~~~~~~~^^
  File "/home/pi/Code/Projects/TER-M1-GL-Contexualisation-Dependance-Vulnerable/src/backend/venv/lib/python3.13/site-packages/httpx/_models.py", line 829, in raise_for_status
    raise HTTPStatusError(message, request=request, response=self)
httpx.HTTPStatusError: Client error '404 Not Found' for url 'https://jvndb.jvn.jp/myjvn/api/vuln/search?feed=hnd&query=vendor%3Aorg.springframework.boot+product%3Aspring-boot-starter&lang=en&offset=0&count=100'
For more information check: https://developer.mozilla.org/en-US/docs/Web/HTTP/Status/404
2026-04-11 18:43:41 [sources.jvn] ERROR [jvn.py:131] [JVN] _search_by_product(org.springframework.boot/spring-boot-starter-test) failed: Client error '404 Not Found' for url 'https://jvndb.jvn.jp/myjvn/api/vuln/search?feed=hnd&query=vendor%3Aorg.springframework.boot+product%3Aspring-boot-starter-test&lang=en&offset=0&count=100'
For more information check: https://developer.mozilla.org/en-US/docs/Web/HTTP/Status/404
Traceback (most recent call last):
  File "/home/pi/Code/Projects/TER-M1-GL-Contexualisation-Dependance-Vulnerable/src/backend/sources/jvn.py", line 88, in _search_by_product
    resp.raise_for_status()
    ~~~~~~~~~~~~~~~~~~~~~^^
  File "/home/pi/Code/Projects/TER-M1-GL-Contexualisation-Dependance-Vulnerable/src/backend/venv/lib/python3.13/site-packages/httpx/_models.py", line 829, in raise_for_status
    raise HTTPStatusError(message, request=request, response=self)
httpx.HTTPStatusError: Client error '404 Not Found' for url 'https://jvndb.jvn.jp/myjvn/api/vuln/search?feed=hnd&query=vendor%3Aorg.springframework.boot+product%3Aspring-boot-starter-test&lang=en&offset=0&count=100'
For more information check: https://developer.mozilla.org/en-US/docs/Web/HTTP/Status/404
2026-04-11 18:43:43 [sources.jvn] ERROR [jvn.py:131] [JVN] _search_by_product(spring-boot-starter-thymeleaf/spring-boot-starter-thymeleaf) failed: Client error '404 Not Found' for url 'https://jvndb.jvn.jp/myjvn/api/vuln/search?feed=hnd&query=vendor%3Aspring-boot-starter-thymeleaf+product%3Aspring-boot-starter-thymeleaf&lang=en&offset=0&count=100'
For more information check: https://developer.mozilla.org/en-US/docs/Web/HTTP/Status/404
Traceback (most recent call last):
  File "/home/pi/Code/Projects/TER-M1-GL-Contexualisation-Dependance-Vulnerable/src/backend/sources/jvn.py", line 88, in _search_by_product
    resp.raise_for_status()
    ~~~~~~~~~~~~~~~~~~~~~^^
  File "/home/pi/Code/Projects/TER-M1-GL-Contexualisation-Dependance-Vulnerable/src/backend/venv/lib/python3.13/site-packages/httpx/_models.py", line 829, in raise_for_status
    raise HTTPStatusError(message, request=request, response=self)
httpx.HTTPStatusError: Client error '404 Not Found' for url 'https://jvndb.jvn.jp/myjvn/api/vuln/search?feed=hnd&query=vendor%3Aspring-boot-starter-thymeleaf+product%3Aspring-boot-starter-thymeleaf&lang=en&offset=0&count=100'
For more information check: https://developer.mozilla.org/en-US/docs/Web/HTTP/Status/404
2026-04-11 18:43:55 [sources.jvn] ERROR [jvn.py:131] [JVN] _search_by_product(vulnerable-test-app/vulnerable-test-app) failed: Client error '404 Not Found' for url 'https://jvndb.jvn.jp/myjvn/api/vuln/search?feed=hnd&query=vendor%3Avulnerable-test-app+product%3Avulnerable-test-app&lang=en&offset=0&count=100'
For more information check: https://developer.mozilla.org/en-US/docs/Web/HTTP/Status/404
Traceback (most recent call last):
  File "/home/pi/Code/Projects/TER-M1-GL-Contexualisation-Dependance-Vulnerable/src/backend/sources/jvn.py", line 88, in _search_by_product
    resp.raise_for_status()
    ~~~~~~~~~~~~~~~~~~~~~^^
  File "/home/pi/Code/Projects/TER-M1-GL-Contexualisation-Dependance-Vulnerable/src/backend/venv/lib/python3.13/site-packages/httpx/_models.py", line 829, in raise_for_status
    raise HTTPStatusError(message, request=request, response=self)
httpx.HTTPStatusError: Client error '404 Not Found' for url 'https://jvndb.jvn.jp/myjvn/api/vuln/search?feed=hnd&query=vendor%3Avulnerable-test-app+product%3Avulnerable-test-app&lang=en&offset=0&count=100'
For more information check: https://developer.mozilla.org/en-US/docs/Web/HTTP/Status/404
2026-04-11 19:49:13 [sources.jvn] ERROR [jvn.py:131] [JVN] _search_by_product(vulnerable-test-app/vulnerable-test-app) failed: Client error '404 Not Found' for url 'https://jvndb.jvn.jp/myjvn/api/vuln/search?feed=hnd&query=vendor%3Avulnerable-test-app+product%3Avulnerable-test-app&lang=en&offset=0&count=100'
For more information check: https://developer.mozilla.org/en-US/docs/Web/HTTP/Status/404
Traceback (most recent call last):
  File "/home/pi/Code/Projects/TER-M1-GL-Contexualisation-Dependance-Vulnerable/src/backend/sources/jvn.py", line 88, in _search_by_product
    resp.raise_for_status()
    ~~~~~~~~~~~~~~~~~~~~~^^
  File "/home/pi/Code/Projects/TER-M1-GL-Contexualisation-Dependance-Vulnerable/src/backend/venv/lib/python3.13/site-packages/httpx/_models.py", line 829, in raise_for_status
    raise HTTPStatusError(message, request=request, response=self)
httpx.HTTPStatusError: Client error '404 Not Found' for url 'https://jvndb.jvn.jp/myjvn/api/vuln/search?feed=hnd&query=vendor%3Avulnerable-test-app+product%3Avulnerable-test-app&lang=en&offset=0&count=100'
For more information check: https://developer.mozilla.org/en-US/docs/Web/HTTP/Status/404
2026-04-11 19:52:16 [sources.jvn] ERROR [jvn.py:131] [JVN] _search_by_product(vulnerable-test-app/vulnerable-test-app) failed: Client error '404 Not Found' for url 'https://jvndb.jvn.jp/myjvn/api/vuln/search?feed=hnd&query=vendor%3Avulnerable-test-app+product%3Avulnerable-test-app&lang=en&offset=0&count=100'
For more information check: https://developer.mozilla.org/en-US/docs/Web/HTTP/Status/404
Traceback (most recent call last):
  File "/home/pi/Code/Projects/TER-M1-GL-Contexualisation-Dependance-Vulnerable/src/backend/sources/jvn.py", line 88, in _search_by_product
    resp.raise_for_status()
    ~~~~~~~~~~~~~~~~~~~~~^^
  File "/home/pi/Code/Projects/TER-M1-GL-Contexualisation-Dependance-Vulnerable/src/backend/venv/lib/python3.13/site-packages/httpx/_models.py", line 829, in raise_for_status
    raise HTTPStatusError(message, request=request, response=self)
httpx.HTTPStatusError: Client error '404 Not Found' for url 'https://jvndb.jvn.jp/myjvn/api/vuln/search?feed=hnd&query=vendor%3Avulnerable-test-app+product%3Avulnerable-test-app&lang=en&offset=0&count=100'
For more information check: https://developer.mozilla.org/en-US/docs/Web/HTTP/Status/404
2026-04-11 19:54:34 [sources.jvn] ERROR [jvn.py:131] [JVN] _search_by_product(assertj-core/assertj-core) failed: Client error '404 Not Found' for url 'https://jvndb.jvn.jp/myjvn/api/vuln/search?feed=hnd&query=vendor%3Aassertj-core+product%3Aassertj-core&lang=en&offset=0&count=100'
For more information check: https://developer.mozilla.org/en-US/docs/Web/HTTP/Status/404
Traceback (most recent call last):
  File "/home/pi/Code/Projects/TER-M1-GL-Contexualisation-Dependance-Vulnerable/src/backend/sources/jvn.py", line 88, in _search_by_product
    resp.raise_for_status()
    ~~~~~~~~~~~~~~~~~~~~~^^
  File "/home/pi/Code/Projects/TER-M1-GL-Contexualisation-Dependance-Vulnerable/src/backend/venv/lib/python3.13/site-packages/httpx/_models.py", line 829, in raise_for_status
    raise HTTPStatusError(message, request=request, response=self)
httpx.HTTPStatusError: Client error '404 Not Found' for url 'https://jvndb.jvn.jp/myjvn/api/vuln/search?feed=hnd&query=vendor%3Aassertj-core+product%3Aassertj-core&lang=en&offset=0&count=100'
For more information check: https://developer.mozilla.org/en-US/docs/Web/HTTP/Status/404
2026-04-11 19:54:37 [sources.jvn] ERROR [jvn.py:131] [JVN] _search_by_product(org.bouncycastle/bcprov-jdk18on) failed: Client error '404 Not Found' for url 'https://jvndb.jvn.jp/myjvn/api/vuln/search?feed=hnd&query=vendor%3Aorg.bouncycastle+product%3Abcprov-jdk18on&lang=en&offset=0&count=100'
For more information check: https://developer.mozilla.org/en-US/docs/Web/HTTP/Status/404
Traceback (most recent call last):
  File "/home/pi/Code/Projects/TER-M1-GL-Contexualisation-Dependance-Vulnerable/src/backend/sources/jvn.py", line 88, in _search_by_product
    resp.raise_for_status()
    ~~~~~~~~~~~~~~~~~~~~~^^
  File "/home/pi/Code/Projects/TER-M1-GL-Contexualisation-Dependance-Vulnerable/src/backend/venv/lib/python3.13/site-packages/httpx/_models.py", line 829, in raise_for_status
    raise HTTPStatusError(message, request=request, response=self)
httpx.HTTPStatusError: Client error '404 Not Found' for url 'https://jvndb.jvn.jp/myjvn/api/vuln/search?feed=hnd&query=vendor%3Aorg.bouncycastle+product%3Abcprov-jdk18on&lang=en&offset=0&count=100'
For more information check: https://developer.mozilla.org/en-US/docs/Web/HTTP/Status/404
2026-04-11 19:54:40 [sources.jvn] ERROR [jvn.py:131] [JVN] _search_by_product(com.github.ben-manes.caffeine/caffeine) failed: Client error '404 Not Found' for url 'https://jvndb.jvn.jp/myjvn/api/vuln/search?feed=hnd&query=vendor%3Acom.github.ben-manes.caffeine+product%3Acaffeine&lang=en&offset=0&count=100'
For more information check: https://developer.mozilla.org/en-US/docs/Web/HTTP/Status/404
Traceback (most recent call last):
  File "/home/pi/Code/Projects/TER-M1-GL-Contexualisation-Dependance-Vulnerable/src/backend/sources/jvn.py", line 88, in _search_by_product
    resp.raise_for_status()
    ~~~~~~~~~~~~~~~~~~~~~^^
  File "/home/pi/Code/Projects/TER-M1-GL-Contexualisation-Dependance-Vulnerable/src/backend/venv/lib/python3.13/site-packages/httpx/_models.py", line 829, in raise_for_status
    raise HTTPStatusError(message, request=request, response=self)
httpx.HTTPStatusError: Client error '404 Not Found' for url 'https://jvndb.jvn.jp/myjvn/api/vuln/search?feed=hnd&query=vendor%3Acom.github.ben-manes.caffeine+product%3Acaffeine&lang=en&offset=0&count=100'
For more information check: https://developer.mozilla.org/en-US/docs/Web/HTTP/Status/404
2026-04-11 19:54:44 [sources.jvn] ERROR [jvn.py:131] [JVN] _search_by_product(commons-io/commons-io) failed: Client error '404 Not Found' for url 'https://jvndb.jvn.jp/myjvn/api/vuln/search?feed=hnd&query=vendor%3Acommons-io+product%3Acommons-io&lang=en&offset=0&count=100'
For more information check: https://developer.mozilla.org/en-US/docs/Web/HTTP/Status/404
Traceback (most recent call last):
  File "/home/pi/Code/Projects/TER-M1-GL-Contexualisation-Dependance-Vulnerable/src/backend/sources/jvn.py", line 88, in _search_by_product
    resp.raise_for_status()
    ~~~~~~~~~~~~~~~~~~~~~^^
  File "/home/pi/Code/Projects/TER-M1-GL-Contexualisation-Dependance-Vulnerable/src/backend/venv/lib/python3.13/site-packages/httpx/_models.py", line 829, in raise_for_status
    raise HTTPStatusError(message, request=request, response=self)
httpx.HTTPStatusError: Client error '404 Not Found' for url 'https://jvndb.jvn.jp/myjvn/api/vuln/search?feed=hnd&query=vendor%3Acommons-io+product%3Acommons-io&lang=en&offset=0&count=100'
For more information check: https://developer.mozilla.org/en-US/docs/Web/HTTP/Status/404
2026-04-11 19:54:48 [sources.jvn] ERROR [jvn.py:131] [JVN] _search_by_product(com.google.code.gson/gson) failed: Client error '404 Not Found' for url 'https://jvndb.jvn.jp/myjvn/api/vuln/search?feed=hnd&query=vendor%3Acom.google.code.gson+product%3Agson&lang=en&offset=0&count=100'
For more information check: https://developer.mozilla.org/en-US/docs/Web/HTTP/Status/404
Traceback (most recent call last):
  File "/home/pi/Code/Projects/TER-M1-GL-Contexualisation-Dependance-Vulnerable/src/backend/sources/jvn.py", line 88, in _search_by_product
    resp.raise_for_status()
    ~~~~~~~~~~~~~~~~~~~~~^^
  File "/home/pi/Code/Projects/TER-M1-GL-Contexualisation-Dependance-Vulnerable/src/backend/venv/lib/python3.13/site-packages/httpx/_models.py", line 829, in raise_for_status
    raise HTTPStatusError(message, request=request, response=self)
httpx.HTTPStatusError: Client error '404 Not Found' for url 'https://jvndb.jvn.jp/myjvn/api/vuln/search?feed=hnd&query=vendor%3Acom.google.code.gson+product%3Agson&lang=en&offset=0&count=100'
For more information check: https://developer.mozilla.org/en-US/docs/Web/HTTP/Status/404
2026-04-11 19:54:52 [sources.jvn] ERROR [jvn.py:131] [JVN] _search_by_product(org.junit.jupiter/junit-jupiter) failed: Client error '404 Not Found' for url 'https://jvndb.jvn.jp/myjvn/api/vuln/search?feed=hnd&query=vendor%3Aorg.junit.jupiter+product%3Ajunit-jupiter&lang=en&offset=0&count=100'
For more information check: https://developer.mozilla.org/en-US/docs/Web/HTTP/Status/404
Traceback (most recent call last):
  File "/home/pi/Code/Projects/TER-M1-GL-Contexualisation-Dependance-Vulnerable/src/backend/sources/jvn.py", line 88, in _search_by_product
    resp.raise_for_status()
    ~~~~~~~~~~~~~~~~~~~~~^^
  File "/home/pi/Code/Projects/TER-M1-GL-Contexualisation-Dependance-Vulnerable/src/backend/venv/lib/python3.13/site-packages/httpx/_models.py", line 829, in raise_for_status
    raise HTTPStatusError(message, request=request, response=self)
httpx.HTTPStatusError: Client error '404 Not Found' for url 'https://jvndb.jvn.jp/myjvn/api/vuln/search?feed=hnd&query=vendor%3Aorg.junit.jupiter+product%3Ajunit-jupiter&lang=en&offset=0&count=100'
For more information check: https://developer.mozilla.org/en-US/docs/Web/HTTP/Status/404
2026-04-11 19:54:54 [sources.jvn] ERROR [jvn.py:131] [JVN] _search_by_product(org.mapstruct/mapstruct) failed: Client error '404 Not Found' for url 'https://jvndb.jvn.jp/myjvn/api/vuln/search?feed=hnd&query=vendor%3Aorg.mapstruct+product%3Amapstruct&lang=en&offset=0&count=100'
For more information check: https://developer.mozilla.org/en-US/docs/Web/HTTP/Status/404
Traceback (most recent call last):
  File "/home/pi/Code/Projects/TER-M1-GL-Contexualisation-Dependance-Vulnerable/src/backend/sources/jvn.py", line 88, in _search_by_product
    resp.raise_for_status()
    ~~~~~~~~~~~~~~~~~~~~~^^
  File "/home/pi/Code/Projects/TER-M1-GL-Contexualisation-Dependance-Vulnerable/src/backend/venv/lib/python3.13/site-packages/httpx/_models.py", line 829, in raise_for_status
    raise HTTPStatusError(message, request=request, response=self)
httpx.HTTPStatusError: Client error '404 Not Found' for url 'https://jvndb.jvn.jp/myjvn/api/vuln/search?feed=hnd&query=vendor%3Aorg.mapstruct+product%3Amapstruct&lang=en&offset=0&count=100'
For more information check: https://developer.mozilla.org/en-US/docs/Web/HTTP/Status/404
2026-04-11 19:54:57 [sources.jvn] ERROR [jvn.py:131] [JVN] _search_by_product(micrometer-core/micrometer-core) failed: Client error '404 Not Found' for url 'https://jvndb.jvn.jp/myjvn/api/vuln/search?feed=hnd&query=vendor%3Amicrometer-core+product%3Amicrometer-core&lang=en&offset=0&count=100'
For more information check: https://developer.mozilla.org/en-US/docs/Web/HTTP/Status/404
Traceback (most recent call last):
  File "/home/pi/Code/Projects/TER-M1-GL-Contexualisation-Dependance-Vulnerable/src/backend/sources/jvn.py", line 88, in _search_by_product
    resp.raise_for_status()
    ~~~~~~~~~~~~~~~~~~~~~^^
  File "/home/pi/Code/Projects/TER-M1-GL-Contexualisation-Dependance-Vulnerable/src/backend/venv/lib/python3.13/site-packages/httpx/_models.py", line 829, in raise_for_status
    raise HTTPStatusError(message, request=request, response=self)
httpx.HTTPStatusError: Client error '404 Not Found' for url 'https://jvndb.jvn.jp/myjvn/api/vuln/search?feed=hnd&query=vendor%3Amicrometer-core+product%3Amicrometer-core&lang=en&offset=0&count=100'
For more information check: https://developer.mozilla.org/en-US/docs/Web/HTTP/Status/404
2026-04-11 19:54:59 [sources.jvn] ERROR [jvn.py:131] [JVN] _search_by_product(mockito-core/mockito-core) failed: Client error '404 Not Found' for url 'https://jvndb.jvn.jp/myjvn/api/vuln/search?feed=hnd&query=vendor%3Amockito-core+product%3Amockito-core&lang=en&offset=0&count=100'
For more information check: https://developer.mozilla.org/en-US/docs/Web/HTTP/Status/404
Traceback (most recent call last):
  File "/home/pi/Code/Projects/TER-M1-GL-Contexualisation-Dependance-Vulnerable/src/backend/sources/jvn.py", line 88, in _search_by_product
    resp.raise_for_status()
    ~~~~~~~~~~~~~~~~~~~~~^^
  File "/home/pi/Code/Projects/TER-M1-GL-Contexualisation-Dependance-Vulnerable/src/backend/venv/lib/python3.13/site-packages/httpx/_models.py", line 829, in raise_for_status
    raise HTTPStatusError(message, request=request, response=self)
httpx.HTTPStatusError: Client error '404 Not Found' for url 'https://jvndb.jvn.jp/myjvn/api/vuln/search?feed=hnd&query=vendor%3Amockito-core+product%3Amockito-core&lang=en&offset=0&count=100'
For more information check: https://developer.mozilla.org/en-US/docs/Web/HTTP/Status/404
2026-04-11 19:55:02 [sources.jvn] ERROR [jvn.py:131] [JVN] _search_by_product(io.github.resilience4j/resilience4j-core) failed: Client error '404 Not Found' for url 'https://jvndb.jvn.jp/myjvn/api/vuln/search?feed=hnd&query=vendor%3Aio.github.resilience4j+product%3Aresilience4j-core&lang=en&offset=0&count=100'
For more information check: https://developer.mozilla.org/en-US/docs/Web/HTTP/Status/404
Traceback (most recent call last):
  File "/home/pi/Code/Projects/TER-M1-GL-Contexualisation-Dependance-Vulnerable/src/backend/sources/jvn.py", line 88, in _search_by_product
    resp.raise_for_status()
    ~~~~~~~~~~~~~~~~~~~~~^^
  File "/home/pi/Code/Projects/TER-M1-GL-Contexualisation-Dependance-Vulnerable/src/backend/venv/lib/python3.13/site-packages/httpx/_models.py", line 829, in raise_for_status
    raise HTTPStatusError(message, request=request, response=self)
httpx.HTTPStatusError: Client error '404 Not Found' for url 'https://jvndb.jvn.jp/myjvn/api/vuln/search?feed=hnd&query=vendor%3Aio.github.resilience4j+product%3Aresilience4j-core&lang=en&offset=0&count=100'
For more information check: https://developer.mozilla.org/en-US/docs/Web/HTTP/Status/404
2026-04-11 19:55:06 [sources.jvn] ERROR [jvn.py:131] [JVN] _search_by_product(org.slf4j/slf4j-api) failed: Client error '404 Not Found' for url 'https://jvndb.jvn.jp/myjvn/api/vuln/search?feed=hnd&query=vendor%3Aorg.slf4j+product%3Aslf4j-api&lang=en&offset=0&count=100'
For more information check: https://developer.mozilla.org/en-US/docs/Web/HTTP/Status/404
Traceback (most recent call last):
  File "/home/pi/Code/Projects/TER-M1-GL-Contexualisation-Dependance-Vulnerable/src/backend/sources/jvn.py", line 88, in _search_by_product
    resp.raise_for_status()
    ~~~~~~~~~~~~~~~~~~~~~^^
  File "/home/pi/Code/Projects/TER-M1-GL-Contexualisation-Dependance-Vulnerable/src/backend/venv/lib/python3.13/site-packages/httpx/_models.py", line 829, in raise_for_status
    raise HTTPStatusError(message, request=request, response=self)
httpx.HTTPStatusError: Client error '404 Not Found' for url 'https://jvndb.jvn.jp/myjvn/api/vuln/search?feed=hnd&query=vendor%3Aorg.slf4j+product%3Aslf4j-api&lang=en&offset=0&count=100'
For more information check: https://developer.mozilla.org/en-US/docs/Web/HTTP/Status/404
2026-04-11 19:55:09 [sources.jvn] ERROR [jvn.py:131] [JVN] _search_by_product(vulnerable-test-app/vulnerable-test-app) failed: Client error '404 Not Found' for url 'https://jvndb.jvn.jp/myjvn/api/vuln/search?feed=hnd&query=vendor%3Avulnerable-test-app+product%3Avulnerable-test-app&lang=en&offset=0&count=100'
For more information check: https://developer.mozilla.org/en-US/docs/Web/HTTP/Status/404
Traceback (most recent call last):
  File "/home/pi/Code/Projects/TER-M1-GL-Contexualisation-Dependance-Vulnerable/src/backend/sources/jvn.py", line 88, in _search_by_product
    resp.raise_for_status()
    ~~~~~~~~~~~~~~~~~~~~~^^
  File "/home/pi/Code/Projects/TER-M1-GL-Contexualisation-Dependance-Vulnerable/src/backend/venv/lib/python3.13/site-packages/httpx/_models.py", line 829, in raise_for_status
    raise HTTPStatusError(message, request=request, response=self)
httpx.HTTPStatusError: Client error '404 Not Found' for url 'https://jvndb.jvn.jp/myjvn/api/vuln/search?feed=hnd&query=vendor%3Avulnerable-test-app+product%3Avulnerable-test-app&lang=en&offset=0&count=100'
For more information check: https://developer.mozilla.org/en-US/docs/Web/HTTP/Status/404
